<?xml version="1.0" encoding="UTF-8"?>
<!-- Generated by org.testng.reporters.JUnitXMLReporter -->
<testsuite ignored="0" hostname="Kingpin1848" failures="0" tests="3" name="Default test" time="15.788" errors="0" timestamp="2026-05-11T15:11:12 IST">
  <testcase classname="LoginApp.LoginTest" name="emptyFieldsTest" time="0.746"/>
  <testcase classname="LoginApp.LoginTest" name="invalidLoginTest" time="0.767"/>
  <testcase classname="LoginApp.LoginTest" name="validLogin" time="0.733"/>
</testsuite> <!-- Default test -->
