<?xml version="1.0" encoding="UTF-8"?>
<testng-results ignored="0" total="3" passed="3" failed="0" skipped="0">
  <reporter-output>
  </reporter-output>
  <suite started-at="2026-05-11T15:10:56 IST" name="Default suite" finished-at="2026-05-11T15:11:12 IST" duration-ms="15788">
    <groups>
    </groups>
    <test started-at="2026-05-11T15:10:56 IST" name="Default test" finished-at="2026-05-11T15:11:12 IST" duration-ms="15788">
      <class name="LoginApp.LoginTest">
        <test-method is-config="true" signature="setUp()[pri:0, instance:LoginApp.LoginTest@708f5957]" started-at="2026-05-11T15:10:56 IST" name="setUp" finished-at="2026-05-11T15:11:01 IST" duration-ms="4690" status="PASS">
          <reporter-output>
          </reporter-output>
        </test-method> <!-- setUp -->
        <test-method signature="emptyFieldsTest()[pri:0, instance:LoginApp.LoginTest@708f5957]" started-at="2026-05-11T15:11:01 IST" name="emptyFieldsTest" finished-at="2026-05-11T15:11:02 IST" duration-ms="746" status="PASS">
          <reporter-output>
          </reporter-output>
        </test-method> <!-- emptyFieldsTest -->
        <test-method is-config="true" signature="tearDown()[pri:0, instance:LoginApp.LoginTest@708f5957]" started-at="2026-05-11T15:11:02 IST" name="tearDown" finished-at="2026-05-11T15:11:02 IST" duration-ms="112" status="PASS">
          <reporter-output>
          </reporter-output>
        </test-method> <!-- tearDown -->
        <test-method is-config="true" signature="setUp()[pri:0, instance:LoginApp.LoginTest@708f5957]" started-at="2026-05-11T15:11:02 IST" name="setUp" finished-at="2026-05-11T15:11:06 IST" duration-ms="4221" status="PASS">
          <reporter-output>
          </reporter-output>
        </test-method> <!-- setUp -->
        <test-method signature="invalidLoginTest()[pri:0, instance:LoginApp.LoginTest@708f5957]" started-at="2026-05-11T15:11:06 IST" name="invalidLoginTest" finished-at="2026-05-11T15:11:07 IST" duration-ms="767" status="PASS">
          <reporter-output>
          </reporter-output>
        </test-method> <!-- invalidLoginTest -->
        <test-method is-config="true" signature="tearDown()[pri:0, instance:LoginApp.LoginTest@708f5957]" started-at="2026-05-11T15:11:07 IST" name="tearDown" finished-at="2026-05-11T15:11:07 IST" duration-ms="100" status="PASS">
          <reporter-output>
          </reporter-output>
        </test-method> <!-- tearDown -->
        <test-method is-config="true" signature="setUp()[pri:0, instance:LoginApp.LoginTest@708f5957]" started-at="2026-05-11T15:11:07 IST" name="setUp" finished-at="2026-05-11T15:11:11 IST" duration-ms="4290" status="PASS">
          <reporter-output>
          </reporter-output>
        </test-method> <!-- setUp -->
        <test-method signature="validLogin()[pri:0, instance:LoginApp.LoginTest@708f5957]" started-at="2026-05-11T15:11:11 IST" name="validLogin" finished-at="2026-05-11T15:11:12 IST" duration-ms="733" status="PASS">
          <reporter-output>
          </reporter-output>
        </test-method> <!-- validLogin -->
        <test-method is-config="true" signature="tearDown()[pri:0, instance:LoginApp.LoginTest@708f5957]" started-at="2026-05-11T15:11:12 IST" name="tearDown" finished-at="2026-05-11T15:11:12 IST" duration-ms="104" status="PASS">
          <reporter-output>
          </reporter-output>
        </test-method> <!-- tearDown -->
      </class> <!-- LoginApp.LoginTest -->
    </test> <!-- Default test -->
  </suite> <!-- Default suite -->
</testng-results>
