<?xml version="1.0" encoding="UTF-8"?>
<!-- Generated by org.testng.reporters.JUnitReportReporter -->
<testsuite hostname="Kingpin1848" failures="0" tests="3" name="LoginApp.LoginTest" time="15.763" errors="0" timestamp="2026-05-11T15:11:12 IST" skipped="0">
  <testcase classname="LoginApp.LoginTest" name="invalidLoginTest" time="5.561"/>
  <testcase classname="LoginApp.LoginTest" name="validLogin" time="5.066"/>
  <testcase classname="LoginApp.LoginTest" name="emptyFieldsTest" time="5.136"/>
</testsuite> <!-- LoginApp.LoginTest -->
